\BOOKMARK [0][-]{section*.1}{Molecular Dynamics of Liquid Argon}{}% 1
\BOOKMARK [1][-]{section*.2}{Introduction}{section*.1}% 2
\BOOKMARK [1][-]{section*.3}{Theory}{section*.1}% 3
\BOOKMARK [2][-]{section*.4}{The Lennard-Jones potential}{section*.3}% 4
\BOOKMARK [2][-]{section*.5}{The Radial distribution function}{section*.3}% 5
\BOOKMARK [2][-]{section*.6}{The Structure factor }{section*.3}% 6
\BOOKMARK [2][-]{section*.7}{The Diffusion coefficient }{section*.3}% 7
\BOOKMARK [1][-]{section*.8}{Methods}{section*.1}% 8
\BOOKMARK [2][-]{section*.9}{Grid Integration}{section*.8}% 9
\BOOKMARK [2][-]{section*.10}{Monte-Carlo}{section*.8}% 10
\BOOKMARK [3][-]{section*.11}{Blocking Analysis}{section*.10}% 11
\BOOKMARK [1][-]{section*.12}{The simulations}{section*.1}% 12
\BOOKMARK [2][-]{section*.13}{Liquid Argon}{section*.12}% 13
\BOOKMARK [1][-]{section*.14}{Results and discussion}{section*.1}% 14
\BOOKMARK [2][-]{section*.15}{Radial distribution function}{section*.14}% 15
\BOOKMARK [2][-]{section*.16}{Structure factor}{section*.14}% 16
\BOOKMARK [2][-]{section*.17}{Diffusion Coefficient}{section*.14}% 17
\BOOKMARK [2][-]{section*.18}{Blocking Analysis}{section*.14}% 18
\BOOKMARK [1][-]{section*.19}{Conclusions}{section*.1}% 19
\BOOKMARK [1][-]{section*.20}{References}{section*.1}% 20
