#
# MD1: a minimal molecular dynamics program
#    modified version (10/08/2010)
#
# Equilibration run
#  Input sample: ../Task2/Step1_Startup/sample12.dat
#          (positions, velocities, accelerations read from file)
# Output sample: ../Task2/Step1_Startup/sampleT94.4.dat
# Number of steps:     800, time step: 0.0046, total time:      3.6800
# Number of atoms:   864
# Box size:   10.228800   10.228800   10.228800, Volume:       1070.222
# Density:    0.807309 (unchanged)
# Free evolution run.
#
#  Step   Temperature     Kinetic      Potential   Total Energy    Pressure
# -----  ------------  ------------  ------------  ------------  ------------
      1      0.789386      1.184079     -4.950278     -3.766199      0.539079
      2      0.791606      1.187408     -4.953635     -3.766227      0.526470
      3      0.794045      1.191067     -4.957316     -3.766249      0.512718
      4      0.796444      1.194666     -4.960928     -3.766262      0.499406
      5      0.798619      1.197928     -4.964196     -3.766267      0.486839
      6      0.800466      1.200699     -4.966964     -3.766265      0.476267
      7      0.801951      1.202926     -4.969186     -3.766260      0.467551
      8      0.803095      1.204643     -4.970892     -3.766249      0.460673
      9      0.803967      1.205951     -4.972189     -3.766237      0.455247
     10      0.804671      1.207007     -4.973229     -3.766222      0.450171
     11      0.805326      1.207988     -4.974197     -3.766209      0.445608
     12      0.806046      1.209069     -4.975266     -3.766198      0.441211
     13      0.806913      1.210369     -4.976562     -3.766193      0.436304
     14      0.807950      1.211925     -4.978120     -3.766195      0.430691
     15      0.809131      1.213697     -4.979897     -3.766201      0.424448
     16      0.810387      1.215581     -4.981789     -3.766208      0.417537
     17      0.811627      1.217441     -4.983656     -3.766215      0.411376
     18      0.812770      1.219155     -4.985375     -3.766220      0.405494
     19      0.813752      1.220628     -4.986851     -3.766223      0.400702
     20      0.814538      1.221807     -4.988030     -3.766223      0.397568
     21      0.815119      1.222678     -4.988901     -3.766223      0.395817
     22      0.815490      1.223235     -4.989461     -3.766225      0.395877
     23      0.815622      1.223432     -4.989666     -3.766233      0.397712
     24      0.815424      1.223136     -4.989384     -3.766247      0.401669
     25      0.814748      1.222121     -4.988389     -3.766268      0.408740
     26      0.813399      1.220098     -4.986388     -3.766291      0.419426
     27      0.811185      1.216777     -4.983085     -3.766308      0.436275
     28      0.807970      1.211956     -4.978272     -3.766316      0.458549
     29      0.803709      1.205563     -4.971879     -3.766316      0.486443
     30      0.798453      1.197680     -4.963986     -3.766306      0.519217
     31      0.792355      1.188533     -4.954822     -3.766290      0.556793
     32      0.785652      1.178478     -4.944744     -3.766266      0.598206
     33      0.778653      1.167979     -4.934219     -3.766240      0.639932
     34      0.771697      1.157545     -4.923760     -3.766215      0.681252
     35      0.765102      1.147653     -4.913849     -3.766195      0.721134
     36      0.759141      1.138711     -4.904892     -3.766180      0.755675
     37      0.754036      1.131055     -4.897223     -3.766168      0.785756
     38      0.749981      1.124971     -4.891127     -3.766156      0.809547
     39      0.747132      1.120698     -4.886844     -3.766146      0.826577
     40      0.745590      1.118385     -4.884531     -3.766146      0.836232
     41      0.745381      1.118072     -4.884224     -3.766153      0.837618
     42      0.746447      1.119671     -4.885834     -3.766163      0.832580
     43      0.748674      1.123011     -4.889185     -3.766175      0.820337
     44      0.751912      1.127868     -4.894059     -3.766191      0.801942
     45      0.755976      1.133964     -4.900176     -3.766211      0.778944
     46      0.760628      1.140943     -4.907176     -3.766234      0.752324
     47      0.765600      1.148399     -4.914652     -3.766253      0.723472
     48      0.770646      1.155969     -4.922230     -3.766261      0.694652
     49      0.775606      1.163409     -4.929667     -3.766258      0.665279
     50      0.780413      1.170619     -4.936869     -3.766251      0.637442
     51      0.785063      1.177595     -4.943839     -3.766244      0.610399
     52      0.789553      1.184329     -4.950574     -3.766245      0.585213
     53      0.793802      1.190702     -4.956959     -3.766257      0.561209
     54      0.797655      1.196482     -4.962757     -3.766275      0.540165
     55      0.800926      1.201389     -4.967678     -3.766288      0.522191
     56      0.803454      1.205181     -4.971476     -3.766295      0.509006
     57      0.805147      1.207721     -4.974016     -3.766295      0.500776
     58      0.805993      1.208990     -4.975281     -3.766292      0.497096
     59      0.806026      1.209039     -4.975327     -3.766288      0.497541
     60      0.805299      1.207949     -4.974233     -3.766284      0.502397
     61      0.803880      1.205820     -4.972101     -3.766282      0.512199
     62      0.801868      1.202802     -4.969071     -3.766269      0.523951
     63      0.799438      1.199157     -4.965404     -3.766247      0.538436
     64      0.796852      1.195279     -4.961500     -3.766222      0.553770
     65      0.794418      1.191628     -4.957827     -3.766199      0.568317
     66      0.792413      1.188619     -4.954806     -3.766186      0.580212
     67      0.791016      1.186524     -4.952706     -3.766182      0.588909
     68      0.790280      1.185420     -4.951611     -3.766191      0.594173
     69      0.790145      1.185217     -4.951423     -3.766206      0.595433
     70      0.790464      1.185696     -4.951924     -3.766229      0.595148
     71      0.791020      1.186530     -4.952783     -3.766253      0.592829
     72      0.791565      1.187347     -4.953623     -3.766276      0.590820
     73      0.791866      1.187799     -4.954089     -3.766290      0.589479
     74      0.791774      1.187661     -4.953952     -3.766291      0.589569
     75      0.791253      1.186880     -4.953160     -3.766280      0.591332
     76      0.790396      1.185594     -4.951854     -3.766260      0.594601
     77      0.789379      1.184069     -4.950311     -3.766242      0.598156
     78      0.788373      1.182560     -4.948791     -3.766231      0.601399
     79      0.787478      1.181218     -4.947446     -3.766228      0.604335
     80      0.786721      1.180081     -4.946307     -3.766226      0.605814
     81      0.786107      1.179160     -4.945379     -3.766219      0.605456
     82      0.785686      1.178529     -4.944736     -3.766207      0.604256
     83      0.785562      1.178344     -4.944536     -3.766192      0.601388
     84      0.785867      1.178800     -4.944981     -3.766181      0.596519
     85      0.786702      1.180053     -4.946232     -3.766180      0.589054
     86      0.788078      1.182117     -4.948307     -3.766190      0.578559
     87      0.789886      1.184829     -4.951040     -3.766211      0.566339
     88      0.791917      1.187876     -4.954111     -3.766234      0.552788
     89      0.793949      1.190924     -4.957173     -3.766249      0.539032
     90      0.795832      1.193748     -4.960000     -3.766253      0.526397
     91      0.797528      1.196291     -4.962537     -3.766245      0.514399
     92      0.799086      1.198629     -4.964866     -3.766237      0.503238
     93      0.800583      1.200874     -4.967109     -3.766234      0.492248
     94      0.802060      1.203090     -4.969328     -3.766238      0.481997
     95      0.803497      1.205246     -4.971491     -3.766245      0.471880
     96      0.804824      1.207237     -4.973492     -3.766256      0.463321
     97      0.805946      1.208918     -4.975181     -3.766263      0.455930
     98      0.806770      1.210155     -4.976428     -3.766274      0.449529
     99      0.807213      1.210819     -4.977104     -3.766285      0.445588
    100      0.807184      1.210777     -4.977071     -3.766294      0.443896
    101      0.806595      1.209893     -4.976195     -3.766302      0.445862
    102      0.805387      1.208081     -4.974385     -3.766305      0.451597
    103      0.803582      1.205373     -4.971666     -3.766293      0.460385
    104      0.801314      1.201971     -4.968242     -3.766271      0.471437
    105      0.798838      1.198258     -4.964498     -3.766240      0.483655
    106      0.796492      1.194738     -4.960947     -3.766209      0.495570
    107      0.794634      1.191951     -4.958133     -3.766182      0.505212
    108      0.793586      1.190379     -4.956540     -3.766161      0.510144
    109      0.793575      1.190362     -4.956516     -3.766154      0.509523
    110      0.794684      1.192026     -4.958186     -3.766160      0.503711
    111      0.796832      1.195248     -4.961431     -3.766183      0.492866
    112      0.799786      1.199680     -4.965892     -3.766213      0.477766
    113      0.803230      1.204845     -4.971085     -3.766240      0.460088
    114      0.806849      1.210274     -4.976538     -3.766265      0.441566
    115      0.810385      1.215577     -4.981857     -3.766280      0.423638
    116      0.813634      1.220450     -4.986742     -3.766292      0.407891
    117      0.816431      1.224646     -4.990951     -3.766305      0.394147
    118      0.818622      1.227933     -4.994250     -3.766317      0.383348
    119      0.820050      1.230074     -4.996407     -3.766332      0.378156
    120      0.820590      1.230885     -4.997221     -3.766336      0.377618
    121      0.820213      1.230320     -4.996646     -3.766326      0.382360
    122      0.819027      1.228540     -4.994849     -3.766309      0.391384
    123      0.817214      1.225821     -4.992112     -3.766292      0.404319
    124      0.814931      1.222397     -4.988681     -3.766284      0.420034
    125      0.812275      1.218412     -4.984692     -3.766280      0.437357
    126      0.809309      1.213964     -4.980235     -3.766271      0.456385
    127      0.806139      1.209209     -4.975463     -3.766254      0.476594
    128      0.802939      1.204409     -4.970639     -3.766230      0.497017
    129      0.799933      1.199899     -4.966105     -3.766206      0.515497
    130      0.797358      1.196037     -4.962222     -3.766185      0.532020
    131      0.795409      1.193114     -4.959286     -3.766172      0.544867
    132      0.794190      1.191285     -4.957457     -3.766172      0.553897
    133      0.793684      1.190527     -4.956711     -3.766184      0.558906
    134      0.793757      1.190636     -4.956842     -3.766206      0.560626
    135      0.794182      1.191273     -4.957504     -3.766232      0.560143
    136      0.794676      1.192014     -4.958272     -3.766257      0.559564
    137      0.794963      1.192445     -4.958721     -3.766276      0.559320
    138      0.794819      1.192229     -4.958518     -3.766289      0.561064
    139      0.794102      1.191153     -4.957447     -3.766294      0.565579
    140      0.792756      1.189133     -4.955426     -3.766292      0.572794
    141      0.790787      1.186181     -4.952471     -3.766290      0.582908
    142      0.788246      1.182370     -4.948655     -3.766286      0.595834
    143      0.785208      1.177812     -4.944095     -3.766282      0.611322
    144      0.781769      1.172654     -4.938930     -3.766275      0.628567
    145      0.778081      1.167122     -4.933381     -3.766259      0.646893
    146      0.774409      1.161613     -4.927837     -3.766224      0.664100
    147      0.771165      1.156747     -4.922932     -3.766185      0.679314
    148      0.768793      1.153189     -4.919358     -3.766168      0.690116
    149      0.767511      1.151266     -4.917453     -3.766187      0.695021
    150      0.767186      1.150779     -4.916998     -3.766218      0.694863
    151      0.767526      1.151288     -4.917522     -3.766233      0.691422
    152      0.768313      1.152470     -4.918704     -3.766235      0.684570
    153      0.769450      1.154175     -4.920411     -3.766236      0.676017
    154      0.770857      1.156286     -4.922528     -3.766242      0.666060
    155      0.772422      1.158634     -4.924879     -3.766246      0.655189
    156      0.774030      1.161045     -4.927293     -3.766249      0.643499
    157      0.775600      1.163399     -4.929647     -3.766247      0.631645
    158      0.777097      1.165646     -4.931890     -3.766244      0.619944
    159      0.778521      1.167782     -4.934020     -3.766239      0.609078
    160      0.779898      1.169846     -4.936077     -3.766231      0.598869
    161      0.781272      1.171908     -4.938135     -3.766227      0.588399
    162      0.782688      1.174032     -4.940257     -3.766225      0.578144
    163      0.784153      1.176230     -4.942459     -3.766230      0.567348
    164      0.785616      1.178424     -4.944666     -3.766242      0.557024
    165      0.786970      1.180455     -4.946715     -3.766259      0.547652
    166      0.788055      1.182083     -4.948367     -3.766285      0.539887
    167      0.788646      1.182969     -4.949283     -3.766313      0.535291
    168      0.788492      1.182738     -4.949073     -3.766335      0.534558
    169      0.787423      1.181134     -4.947470     -3.766336      0.537911
    170      0.785486      1.178229     -4.944532     -3.766302      0.546581
    171      0.783041      1.174561     -4.940801     -3.766240      0.557512
    172      0.780715      1.171073     -4.937241     -3.766168      0.568138
    173      0.779231      1.168846     -4.934956     -3.766110      0.574738
    174      0.779166      1.168749     -4.934832     -3.766082      0.574921
    175      0.780786      1.171179     -4.937270     -3.766090      0.566888
    176      0.783995      1.175992     -4.942119     -3.766127      0.552109
    177      0.788408      1.182611     -4.948787     -3.766176      0.531421
    178      0.793490      1.190235     -4.956461     -3.766225      0.507391
    179      0.798695      1.198043     -4.964305     -3.766263      0.482674
    180      0.803563      1.205344     -4.971634     -3.766290      0.460987
    181      0.807776      1.211664     -4.977965     -3.766301      0.442656
    182      0.811150      1.216725     -4.983030     -3.766305      0.429143
    183      0.813608      1.220412     -4.986714     -3.766303      0.420828
    184      0.815143      1.222714     -4.989010     -3.766296      0.417616
    185      0.815805      1.223707     -4.989991     -3.766283      0.419281
    186      0.815706      1.223558     -4.989825     -3.766267      0.425239
    187      0.815012      1.222518     -4.988765     -3.766246      0.434723
    188      0.813913      1.220869     -4.987101     -3.766232      0.446160
    189      0.812577      1.218865     -4.985086     -3.766221      0.459252
    190      0.811132      1.216699     -4.982915     -3.766216      0.473247
    191      0.809664      1.214495     -4.980709     -3.766213      0.486554
    192      0.808227      1.212341     -4.978550     -3.766209      0.500184
    193      0.806891      1.210337     -4.976537     -3.766200      0.512730
    194      0.805755      1.208633     -4.974821     -3.766188      0.524242
    195      0.804941      1.207412     -4.973587     -3.766175      0.533673
    196      0.804563      1.206844     -4.973013     -3.766169      0.540737
    197      0.804665      1.206997     -4.973173     -3.766175      0.545320
    198      0.805177      1.207766     -4.973961     -3.766195      0.546315
    199      0.805894      1.208841     -4.975068     -3.766226      0.547019
    200      0.806503      1.209755     -4.976016     -3.766261      0.547795
    201      0.806669      1.210004     -4.976293     -3.766289      0.549795
    202      0.806119      1.209179     -4.975485     -3.766306      0.554900
    203      0.804699      1.207049     -4.973357     -3.766308      0.563903
    204      0.802397      1.203595     -4.969893     -3.766298      0.576686
    205      0.799345      1.199017     -4.965292     -3.766275      0.592884
    206      0.795802      1.193703     -4.959947     -3.766244      0.611481
    207      0.792115      1.188173     -4.954381     -3.766209      0.630133
    208      0.788653      1.182979     -4.949160     -3.766181      0.647285
    209      0.785744      1.178616     -4.944775     -3.766159      0.661440
    210      0.783635      1.175453     -4.941600     -3.766147      0.671301
    211      0.782472      1.173708     -4.939855     -3.766147      0.676244
    212      0.782257      1.173385     -4.939549     -3.766164      0.676121
    213      0.782821      1.174231     -4.940426     -3.766195      0.671778
    214      0.783828      1.175741     -4.941977     -3.766236      0.665157
    215      0.784840      1.177260     -4.943538     -3.766279      0.657676
    216      0.785426      1.178138     -4.944448     -3.766309      0.651878
    217      0.785272      1.177907     -4.944230     -3.766322      0.649790
    218      0.784274      1.176412     -4.942719     -3.766307      0.651382
    219      0.782604      1.173906     -4.940171     -3.766265      0.655980
    220      0.780717      1.171076     -4.937275     -3.766199      0.661391
    221      0.779278      1.168917     -4.935049     -3.766131      0.664738
    222      0.778958      1.168437     -4.934523     -3.766086      0.662026
    223      0.780192      1.170289     -4.936368     -3.766080      0.651888
    224      0.783034      1.174551     -4.940660     -3.766109      0.633467
    225      0.787182      1.180773     -4.946932     -3.766160      0.609405
    226      0.792117      1.188176     -4.954390     -3.766214      0.581791
    227      0.797252      1.195878     -4.962143     -3.766265      0.553639
    228      0.802022      1.203032     -4.969341     -3.766308      0.527217
    229      0.805949      1.208923     -4.975263     -3.766340      0.505425
    230      0.808703      1.213055     -4.979408     -3.766353      0.490215
    231      0.810142      1.215212     -4.981561     -3.766348      0.481991
    232      0.810318      1.215478     -4.981801     -3.766324      0.480315
    233      0.809466      1.214199     -4.980488     -3.766290      0.483798
    234      0.807923      1.211884     -4.978139     -3.766254      0.491664
    235      0.806056      1.209084     -4.975309     -3.766225      0.501140
    236      0.804177      1.206265     -4.972471     -3.766206      0.510761
    237      0.802499      1.203749     -4.969949     -3.766200      0.519380
    238      0.801125      1.201687     -4.967889     -3.766202      0.527044
    239      0.800035      1.200053     -4.966266     -3.766213      0.533233
    240      0.799116      1.198674     -4.964905     -3.766232      0.539094
    241      0.798188      1.197282     -4.963532     -3.766250      0.544758
    242      0.797067      1.195601     -4.961862     -3.766260      0.551352
    243      0.795637      1.193456     -4.959715     -3.766260      0.559644
    244      0.793905      1.190858     -4.957102     -3.766244      0.569583
    245      0.791999      1.187998     -4.954223     -3.766225      0.580325
    246      0.790087      1.185131     -4.951342     -3.766212      0.591098
    247      0.788289      1.182433     -4.948647     -3.766213      0.601555
    248      0.786598      1.179897     -4.946126     -3.766230      0.610283
    249      0.784880      1.177320     -4.943573     -3.766253      0.619510
    250      0.782941      1.174411     -4.940681     -3.766270      0.629190
    251      0.780635      1.170953     -4.937228     -3.766275      0.640210
    252      0.777966      1.166948     -4.933208     -3.766260      0.653543
    253      0.775115      1.162673     -4.928901     -3.766228      0.667448
    254      0.772433      1.158650     -4.924838     -3.766188      0.680555
    255      0.770366      1.155549     -4.921695     -3.766147      0.690082
    256      0.769340      1.154011     -4.920133     -3.766122      0.694186
    257      0.769638      1.154456     -4.920575     -3.766119      0.691604
    258      0.771302      1.156953     -4.923094     -3.766141      0.682664
    259      0.774128      1.161192     -4.927374     -3.766182      0.667762
    260      0.777707      1.166560     -4.932793     -3.766233      0.648836
    261      0.781522      1.172283     -4.938565     -3.766282      0.629032
    262      0.785075      1.177613     -4.943932     -3.766319      0.610157
    263      0.787992      1.181988     -4.948323     -3.766335      0.595154
    264      0.790089      1.185133     -4.951465     -3.766333      0.583606
    265      0.791368      1.187052     -4.953368     -3.766316      0.576569
    266      0.791968      1.187953     -4.954251     -3.766298      0.572602
    267      0.792088      1.188133     -4.954409     -3.766277      0.571459
    268      0.791922      1.187883     -4.954145     -3.766262      0.571885
    269      0.791621      1.187432     -4.953688     -3.766256      0.573377
    270      0.791272      1.186908     -4.953162     -3.766254      0.574794
    271      0.790906      1.186359     -4.952611     -3.766252      0.576996
    272      0.790534      1.185801     -4.952052     -3.766251      0.579188
    273      0.790170      1.185255     -4.951505     -3.766250      0.581539
    274      0.789844      1.184766     -4.951010     -3.766244      0.583838
    275      0.789616      1.184424     -4.950659     -3.766235      0.585520
    276      0.789582      1.184372     -4.950595     -3.766223      0.586446
    277      0.789852      1.184778     -4.950993     -3.766215      0.586094
    278      0.790516      1.185774     -4.951984     -3.766211      0.584050
    279      0.791578      1.187368     -4.953588     -3.766221      0.579740
    280      0.792921      1.189381     -4.955624     -3.766243      0.573837
    281      0.794314      1.191470     -4.957741     -3.766271      0.567672
    282      0.795476      1.193213     -4.959508     -3.766294      0.563007
    283      0.796165      1.194247     -4.960553     -3.766306      0.560166
    284      0.796248      1.194372     -4.960675     -3.766303      0.561159
    285      0.795730      1.193595     -4.959885     -3.766290      0.564280
    286      0.794724      1.192086     -4.958357     -3.766271      0.570170
    287      0.793399      1.190099     -4.956352     -3.766253      0.577058
    288      0.791930      1.187895     -4.954131     -3.766236      0.585270
    289      0.790474      1.185710     -4.951932     -3.766222      0.593227
    290      0.789182      1.183773     -4.949980     -3.766207      0.600180
    291      0.788204      1.182305     -4.948503     -3.766198      0.606162
    292      0.787626      1.181439     -4.947642     -3.766204      0.608760
    293      0.787397      1.181095     -4.947322     -3.766227      0.609931
    294      0.787306      1.180960     -4.947216     -3.766257      0.609740
    295      0.787074      1.180610     -4.946890     -3.766280      0.610491
    296      0.786489      1.179733     -4.946016     -3.766283      0.612271
    297      0.785524      1.178286     -4.944554     -3.766268      0.615225
    298      0.784321      1.176481     -4.942729     -3.766248      0.619268
    299      0.783076      1.174614     -4.940846     -3.766232      0.623286
    300      0.781938      1.172907     -4.939137     -3.766231      0.626233
    301      0.780942      1.171413     -4.937654     -3.766240      0.627719
    302      0.780020      1.170030     -4.936283     -3.766254      0.629508
    303      0.779069      1.168603     -4.934867     -3.766264      0.631585
    304      0.778032      1.167048     -4.933309     -3.766262      0.633671
    305      0.776960      1.165440     -4.931686     -3.766246      0.635694
    306      0.776026      1.164040     -4.930263     -3.766223      0.636928
    307      0.775473      1.163210     -4.929411     -3.766201      0.636758
    308      0.775505      1.163258     -4.929453     -3.766195      0.633987
    309      0.776174      1.164261     -4.930470     -3.766209      0.628431
    310      0.777328      1.165993     -4.932233     -3.766240      0.620799
    311      0.778660      1.167990     -4.934265     -3.766275      0.612767
    312      0.779803      1.169705     -4.936008     -3.766303      0.605517
    313      0.780440      1.170660     -4.936984     -3.766325      0.601307
    314      0.780343      1.170514     -4.936851     -3.766337      0.600969
    315      0.779390      1.169085     -4.935425     -3.766340      0.605898
    316      0.777559      1.166339     -4.932670     -3.766332      0.614813
    317      0.774952      1.162428     -4.928738     -3.766310      0.627568
    318      0.771830      1.157745     -4.924015     -3.766270      0.643147
    319      0.768635      1.152953     -4.919166     -3.766214      0.659862
    320      0.765962      1.148943     -4.915094     -3.766151      0.674203
    321      0.764435      1.146653     -4.912754     -3.766102      0.682575
    322      0.764534      1.146801     -4.912886     -3.766085      0.682951
    323      0.766414      1.149621     -4.915727     -3.766106      0.674291
    324      0.769823      1.154735     -4.920896     -3.766162      0.658383
    325      0.774169      1.161254     -4.927489     -3.766235      0.637595
    326      0.778698      1.168046     -4.934347     -3.766300      0.616362
    327      0.782694      1.174040     -4.940387     -3.766346      0.597479
    328      0.785627      1.178441     -4.944809     -3.766368      0.584325
    329      0.787203      1.180804     -4.947178     -3.766374      0.577604
    330      0.787312      1.180967     -4.947338     -3.766371      0.579098
    331      0.785960      1.178941     -4.945305     -3.766364      0.588382
    332      0.783216      1.174823     -4.941178     -3.766354      0.605074
    333      0.779190      1.168784     -4.935125     -3.766341      0.628484
    334      0.774056      1.161084     -4.927405     -3.766321      0.657526
    335      0.768096      1.152145     -4.918434     -3.766289      0.690695
    336      0.761735      1.142603     -4.908841     -3.766239      0.725934
    337      0.755539      1.133308     -4.899490     -3.766182      0.760261
    338      0.750152      1.125228     -4.891358     -3.766129      0.789787
    339      0.746145      1.119217     -4.885319     -3.766102      0.812428
    340      0.743840      1.115761     -4.881870     -3.766110      0.826357
    341      0.743207      1.114811     -4.880963     -3.766153      0.831122
    342      0.743885      1.115828     -4.882040     -3.766212      0.829079
    343      0.745326      1.117989     -4.884262     -3.766273      0.822639
    344      0.746965      1.120448     -4.886764     -3.766316      0.813527
    345      0.748370      1.122555     -4.888893     -3.766338      0.805272
    346      0.749324      1.123986     -4.890323     -3.766337      0.798690
    347      0.749861      1.124792     -4.891104     -3.766312      0.793351
    348      0.750242      1.125363     -4.891633     -3.766270      0.787951
    349      0.750886      1.126329     -4.892555     -3.766226      0.781194
    350      0.752230      1.128345     -4.894543     -3.766198      0.770548
    351      0.754542      1.131813     -4.898011     -3.766197      0.755151
    352      0.757812      1.136719     -4.902943     -3.766224      0.735663
    353      0.761771      1.142657     -4.908919     -3.766262      0.712871
    354      0.766024      1.149036     -4.915335     -3.766299      0.688740
    355      0.770185      1.155277     -4.921606     -3.766329      0.665514
    356      0.773927      1.160891     -4.927243     -3.766352      0.645084
    357      0.776960      1.165440     -4.931819     -3.766378      0.629372
    358      0.778972      1.168457     -4.934867     -3.766409      0.619180
    359      0.779633      1.169449     -4.935886     -3.766437      0.616509
    360      0.778677      1.168015     -4.934466     -3.766451      0.622329
    361      0.776001      1.164001     -4.930447     -3.766445      0.637487
    362      0.771714      1.157571     -4.923994     -3.766422      0.661080
    363      0.766126      1.149189     -4.915574     -3.766385      0.692148
    364      0.759712      1.139568     -4.905904     -3.766336      0.726822
    365      0.753080      1.129620     -4.895900     -3.766280      0.763352
    366      0.746895      1.120342     -4.886569     -3.766227      0.797652
    367      0.741783      1.112675     -4.878859     -3.766184      0.826197
    368      0.738231      1.107346     -4.873509     -3.766162      0.846179
    369      0.736505      1.104758     -4.870921     -3.766163      0.856641
    370      0.736623      1.104934     -4.871117     -3.766182      0.857552
    371      0.738392      1.107588     -4.873800     -3.766212      0.849214
    372      0.741492      1.112239     -4.878483     -3.766245      0.833376
    373      0.745567      1.118351     -4.884620     -3.766269      0.811978
    374      0.750288      1.125432     -4.891718     -3.766286      0.786706
    375      0.755384      1.133076     -4.899374     -3.766299      0.758760
    376      0.760618      1.140927     -4.907236     -3.766309      0.729153
    377      0.765764      1.148646     -4.914964     -3.766319      0.699771
    378      0.770618      1.155927     -4.922251     -3.766324      0.672128
    379      0.775036      1.162553     -4.928873     -3.766320      0.646319
    380      0.778942      1.168413     -4.934727     -3.766314      0.622679
    381      0.782305      1.173458     -4.939769     -3.766311      0.601585
    382      0.785071      1.177607     -4.943923     -3.766316      0.584609
    383      0.787120      1.180680     -4.947011     -3.766330      0.571458
    384      0.788285      1.182427     -4.948773     -3.766346      0.563843
    385      0.788405      1.182608     -4.948963     -3.766355      0.561576
    386      0.787393      1.181089     -4.947444     -3.766355      0.565474
    387      0.785275      1.177913     -4.944257     -3.766344      0.575327
    388      0.782205      1.173307     -4.939628     -3.766321      0.590049
    389      0.778448      1.167672     -4.933964     -3.766291      0.608450
    390      0.774364      1.161546     -4.927803     -3.766257      0.629342
    391      0.770364      1.155545     -4.921769     -3.766223      0.650115
    392      0.766865      1.150297     -4.916489     -3.766191      0.668686
    393      0.764232      1.146348     -4.912520     -3.766172      0.682896
    394      0.762711      1.144066     -4.910233     -3.766167      0.691549
    395      0.762381      1.143572     -4.909754     -3.766182      0.693828
    396      0.763131      1.144696     -4.910908     -3.766212      0.690911
    397      0.764676      1.147014     -4.913264     -3.766249      0.684018
    398      0.766647      1.149970     -4.916254     -3.766284      0.675123
    399      0.768680      1.153021     -4.919331     -3.766310      0.666355
    400      0.770461      1.155692     -4.922023     -3.766331      0.658205
    401      0.771731      1.157596     -4.923943     -3.766346      0.652746
    402      0.772297      1.158445     -4.924802     -3.766356      0.650584
    403      0.772053      1.158079     -4.924437     -3.766358      0.652130
    404      0.771011      1.156516     -4.922862     -3.766346      0.657328
    405      0.769318      1.153977     -4.920300     -3.766323      0.665592
    406      0.767242      1.150863     -4.917155     -3.766292      0.676243
    407      0.765143      1.147715     -4.913971     -3.766256      0.686396
    408      0.763447      1.145170     -4.911389     -3.766218      0.694219
    409      0.762602      1.143903     -4.910081     -3.766178      0.697702
    410      0.763025      1.144538     -4.910687     -3.766150      0.694858
    411      0.765006      1.147509     -4.913656     -3.766147      0.684585
    412      0.768590      1.152886     -4.919057     -3.766172      0.665670
    413      0.773524      1.160286     -4.926504     -3.766219      0.640424
    414      0.779308      1.168962     -4.935239     -3.766276      0.611153
    415      0.785326      1.177988     -4.944318     -3.766330      0.581131
    416      0.790971      1.186456     -4.952829     -3.766373      0.552728
    417      0.795734      1.193602     -4.960004     -3.766403      0.528791
    418      0.799241      1.198861     -4.965279     -3.766418      0.512138
    419      0.801268      1.201902     -4.968321     -3.766420      0.503734
    420      0.801770      1.202655     -4.969057     -3.766402      0.503770
    421      0.800892      1.201337     -4.967704     -3.766367      0.511642
    422      0.798932      1.198398     -4.964728     -3.766330      0.524980
    423      0.796268      1.194402     -4.960697     -3.766295      0.542251
    424      0.793232      1.189847     -4.956122     -3.766275      0.562454
    425      0.790043      1.185065     -4.951333     -3.766268      0.584185
    426      0.786822      1.180233     -4.946498     -3.766265      0.606503
    427      0.783664      1.175495     -4.941750     -3.766255      0.628252
    428      0.780717      1.171076     -4.937313     -3.766237      0.648454
    429      0.778201      1.167302     -4.933518     -3.766216      0.666287
    430      0.776348      1.164522     -4.930724     -3.766202      0.680599
    431      0.775315      1.162973     -4.929174     -3.766201      0.690055
    432      0.775120      1.162679     -4.928895     -3.766216      0.695029
    433      0.775643      1.163465     -4.929703     -3.766238      0.696217
    434      0.776677      1.165016     -4.931278     -3.766263      0.694318
    435      0.777988      1.166982     -4.933264     -3.766281      0.690225
    436      0.779392      1.169088     -4.935379     -3.766292      0.685831
    437      0.780785      1.171177     -4.937472     -3.766295      0.681477
    438      0.782122      1.173184     -4.939483     -3.766300      0.677087
    439      0.783324      1.174985     -4.941304     -3.766319      0.673602
    440      0.784183      1.176275     -4.942627     -3.766352      0.671638
    441      0.784384      1.176576     -4.942960     -3.766384      0.673752
    442      0.783627      1.175440     -4.941839     -3.766398      0.680633
    443      0.781796      1.172695     -4.939078     -3.766383      0.692801
    444      0.779051      1.168577     -4.934921     -3.766345      0.709931
    445      0.775781      1.163671     -4.929971     -3.766300      0.729822
    446      0.772464      1.158696     -4.924959     -3.766262      0.750093
    447      0.769514      1.154271     -4.920512     -3.766241      0.767950
    448      0.767191      1.150786     -4.917023     -3.766237      0.783194
    449      0.765601      1.148402     -4.914643     -3.766241      0.794413
    450      0.764739      1.147109     -4.913361     -3.766252      0.800629
    451      0.764545      1.146818     -4.913080     -3.766262      0.803155
    452      0.764939      1.147408     -4.913680     -3.766272      0.802037
    453      0.765847      1.148771     -4.915051     -3.766280      0.797368
    454      0.767220      1.150830     -4.917113     -3.766283      0.789816
    455      0.769042      1.153563     -4.919843     -3.766280      0.778796
    456      0.771338      1.157007     -4.923280     -3.766273      0.765390
    457      0.774139      1.161208     -4.927477     -3.766269      0.748035
    458      0.777434      1.166151     -4.932427     -3.766275      0.728306
    459      0.781112      1.171668     -4.937963     -3.766295      0.706488
    460      0.784942      1.177414     -4.943732     -3.766318      0.683679
    461      0.788638      1.182958     -4.949300     -3.766342      0.661941
    462      0.791921      1.187882     -4.954242     -3.766360      0.641677
    463      0.794559      1.191838     -4.958212     -3.766374      0.624687
    464      0.796368      1.194552     -4.960936     -3.766384      0.612593
    465      0.797226      1.195839     -4.962226     -3.766387      0.605548
    466      0.797090      1.195635     -4.962016     -3.766381      0.603636
    467      0.796024      1.194036     -4.960402     -3.766366      0.606888
    468      0.794191      1.191287     -4.957632     -3.766345      0.613915
    469      0.791824      1.187736     -4.954055     -3.766319      0.624028
    470      0.789185      1.183777     -4.950070     -3.766293      0.635676
    471      0.786525      1.179787     -4.946061     -3.766274      0.647593
    472      0.784032      1.176047     -4.942314     -3.766267      0.658805
    473      0.781777      1.172665     -4.938935     -3.766270      0.669414
    474      0.779728      1.169591     -4.935865     -3.766274      0.679028
    475      0.777835      1.166752     -4.933022     -3.766270      0.687939
    476      0.776101      1.164152     -4.930412     -3.766260      0.695922
    477      0.774590      1.161886     -4.928134     -3.766249      0.702976
    478      0.773396      1.160095     -4.926333     -3.766238      0.708546
    479      0.772613      1.158920     -4.925149     -3.766229      0.711423
    480      0.772312      1.158468     -4.924694     -3.766226      0.712371
    481      0.772517      1.158775     -4.925002     -3.766228      0.711106
    482      0.773201      1.159802     -4.926036     -3.766234      0.706854
    483      0.774285      1.161427     -4.927674     -3.766247      0.701487
    484      0.775617      1.163426     -4.929693     -3.766267      0.695015
    485      0.776972      1.165458     -4.931751     -3.766293      0.687986
    486      0.778068      1.167102     -4.933420     -3.766317      0.682138
    487      0.778644      1.167966     -4.934298     -3.766332      0.679597
    488      0.778530      1.167796     -4.934129     -3.766333      0.680762
    489      0.777690      1.166536     -4.932859     -3.766324      0.684336
    490      0.776197      1.164295     -4.930607     -3.766312      0.690649
    491      0.774184      1.161276     -4.927578     -3.766302      0.699699
    492      0.771825      1.157737     -4.924022     -3.766285      0.709413
    493      0.769356      1.154034     -4.920291     -3.766258      0.719034
    494      0.767138      1.150707     -4.916920     -3.766213      0.727031
    495      0.765656      1.148485     -4.914651     -3.766167      0.731001
    496      0.765368      1.148053     -4.914201     -3.766149      0.728822
    497      0.766442      1.149663     -4.915838     -3.766175      0.719428
    498      0.768614      1.152921     -4.919150     -3.766230      0.704903
    499      0.771330      1.156995     -4.923276     -3.766281      0.687989
    500      0.774031      1.161047     -4.927360     -3.766313      0.671343
    501      0.776339      1.164509     -4.930833     -3.766324      0.655896
    502      0.778088      1.167133     -4.933453     -3.766320      0.642843
    503      0.779265      1.168898     -4.935207     -3.766309      0.632661
    504      0.779959      1.169938     -4.936231     -3.766293      0.625433
    505      0.780318      1.170477     -4.936753     -3.766276      0.619445
    506      0.780508      1.170761     -4.937020     -3.766258      0.614209
    507      0.780682      1.171024     -4.937271     -3.766248      0.609326
    508      0.780956      1.171433     -4.937677     -3.766244      0.604151
    509      0.781390      1.172085     -4.938329     -3.766244      0.598685
    510      0.782013      1.173020     -4.939262     -3.766242      0.591530
    511      0.782837      1.174256     -4.940497     -3.766241      0.583703
    512      0.783865      1.175797     -4.942040     -3.766243      0.575233
    513      0.785064      1.177596     -4.943847     -3.766251      0.565999
    514      0.786344      1.179516     -4.945783     -3.766266      0.556578
    515      0.787551      1.181326     -4.947613     -3.766287      0.548230
    516      0.788494      1.182741     -4.949046     -3.766305      0.542003
    517      0.788995      1.183492     -4.949811     -3.766319      0.538223
    518      0.788925      1.183388     -4.949714     -3.766326      0.537099
    519      0.788238      1.182356     -4.948678     -3.766322      0.540728
    520      0.786984      1.180476     -4.946786     -3.766309      0.547539
    521      0.785314      1.177971     -4.944262     -3.766291      0.557361
    522      0.783459      1.175188     -4.941452     -3.766265      0.568508
    523      0.781704      1.172556     -4.938791     -3.766235      0.579143
    524      0.780325      1.170488     -4.936708     -3.766220      0.589580
    525      0.779481      1.169222     -4.935448     -3.766226      0.596895
    526      0.779146      1.168719     -4.934967     -3.766247      0.602665
    527      0.779125      1.168688     -4.934965     -3.766278      0.607788
    528      0.779137      1.168706     -4.935012     -3.766306      0.611882
    529      0.778919      1.168378     -4.934700     -3.766322      0.617828
    530      0.778297      1.167446     -4.933773     -3.766328      0.625336
    531      0.777220      1.165829     -4.932146     -3.766317      0.635013
    532      0.775769      1.163654     -4.929949     -3.766295      0.646196
    533      0.774157      1.161236     -4.927498     -3.766263      0.658150
    534      0.772679      1.159018     -4.925245     -3.766227      0.669089
    535      0.771635      1.157453     -4.923653     -3.766201      0.677080
    536      0.771256      1.156883     -4.923070     -3.766187      0.681746
    537      0.771646      1.157469     -4.923654     -3.766185      0.682624
    538      0.772778      1.159167     -4.925363     -3.766196      0.679472
    539      0.774501      1.161752     -4.927969     -3.766217      0.673080
    540      0.776572      1.164857     -4.931102     -3.766244      0.664776
    541      0.778689      1.168034     -4.934307     -3.766273      0.655789
    542      0.780539      1.170808     -4.937106     -3.766298      0.648393
    543      0.781842      1.172763     -4.939078     -3.766315      0.643323
    544      0.782406      1.173609     -4.939932     -3.766324      0.641798
    545      0.782155      1.173232     -4.939553     -3.766321      0.644477
    546      0.781136      1.171704     -4.938012     -3.766308      0.651087
    547      0.779500      1.169249     -4.935544     -3.766294      0.661036
    548      0.777457      1.166186     -4.932460     -3.766274      0.672646
    549      0.775261      1.162891     -4.929144     -3.766253      0.685295
    550      0.773186      1.159779     -4.926010     -3.766231      0.696895
    551      0.771500      1.157250     -4.923464     -3.766214      0.706498
    552      0.770406      1.155609     -4.921819     -3.766210      0.713275
    553      0.769996      1.154994     -4.921212     -3.766218      0.716787
    554      0.770217      1.155325     -4.921562     -3.766237      0.716533
    555      0.770899      1.156348     -4.922609     -3.766261      0.714125
    556      0.771828      1.157743     -4.924023     -3.766280      0.710278
    557      0.772828      1.159242     -4.925531     -3.766289      0.705680
    558      0.773815      1.160723     -4.927010     -3.766287      0.700414
    559      0.774798      1.162198     -4.928482     -3.766284      0.695848
    560      0.775818      1.163727     -4.930009     -3.766283      0.690183
    561      0.776901      1.165352     -4.931632     -3.766280      0.683286
    562      0.778092      1.167138     -4.933406     -3.766267      0.676372
    563      0.779508      1.169263     -4.935508     -3.766245      0.667426
    564      0.781347      1.172020     -4.938243     -3.766223      0.656296
    565      0.783772      1.175658     -4.941876     -3.766219      0.642348
    566      0.786778      1.180166     -4.946402     -3.766236      0.625541
    567      0.790145      1.185217     -4.951482     -3.766265      0.606539
    568      0.793547      1.190321     -4.956607     -3.766286      0.587113
    569      0.796708      1.195062     -4.961356     -3.766294      0.569239
    570      0.799472      1.199209     -4.965501     -3.766292      0.554060
    571      0.801776      1.202663     -4.968953     -3.766289      0.541468
    572      0.803568      1.205352     -4.971646     -3.766294      0.531587
    573      0.804773      1.207160     -4.973460     -3.766299      0.524948
    574      0.805303      1.207955     -4.974261     -3.766305      0.522820
    575      0.805096      1.207644     -4.973952     -3.766309      0.524835
    576      0.804149      1.206223     -4.972524     -3.766300      0.531232
    577      0.802557      1.203835     -4.970117     -3.766282      0.541299
    578      0.800515      1.200772     -4.967029     -3.766257      0.554305
    579      0.798291      1.197437     -4.963668     -3.766232      0.568258
    580      0.796148      1.194222     -4.960440     -3.766218      0.581967
    581      0.794248      1.191373     -4.957594     -3.766221      0.594810
    582      0.792615      1.188923     -4.955160     -3.766237      0.606957
    583      0.791149      1.186723     -4.952978     -3.766255      0.618515
    584      0.789701      1.184552     -4.950821     -3.766269      0.629812
    585      0.788143      1.182215     -4.948492     -3.766277      0.641620
    586      0.786398      1.179597     -4.945876     -3.766279      0.654134
    587      0.784451      1.176676     -4.942950     -3.766274      0.667307
    588      0.782364      1.173546     -4.939809     -3.766263      0.680102
    589      0.780293      1.170439     -4.936678     -3.766239      0.692550
    590      0.778470      1.167704     -4.933918     -3.766214      0.703087
    591      0.777154      1.165731     -4.931923     -3.766192      0.710356
    592      0.776551      1.164827     -4.931010     -3.766183      0.713444
    593      0.776760      1.165141     -4.931324     -3.766183      0.711452
    594      0.777773      1.166659     -4.932851     -3.766191      0.704980
    595      0.779499      1.169249     -4.935455     -3.766206      0.694041
    596      0.781769      1.172653     -4.938882     -3.766229      0.679878
    597      0.784325      1.176488     -4.942751     -3.766263      0.664282
    598      0.786835      1.180253     -4.946554     -3.766301      0.648746
    599      0.788925      1.183388     -4.949725     -3.766337      0.635036
    600      0.790268      1.185402     -4.951759     -3.766356      0.624735
    601      0.790672      1.186008     -4.952367     -3.766359      0.619661
    602      0.790153      1.185230     -4.951570     -3.766340      0.619310
    603      0.788955      1.183432     -4.949736     -3.766303      0.622547
    604      0.787488      1.181232     -4.947493     -3.766261      0.627547
    605      0.786197      1.179295     -4.945524     -3.766229      0.632293
    606      0.785407      1.178111     -4.944331     -3.766220      0.634401
    607      0.785238      1.177856     -4.944086     -3.766230      0.633615
    608      0.785624      1.178436     -4.944682     -3.766246      0.630384
    609      0.786426      1.179639     -4.945897     -3.766258      0.625273
    610      0.787525      1.181288     -4.947548     -3.766260      0.618932
    611      0.788864      1.183296     -4.949555     -3.766259      0.612214
    612      0.790426      1.185638     -4.951896     -3.766258      0.603985
    613      0.792189      1.188283     -4.954545     -3.766262      0.595127
    614      0.794073      1.191110     -4.957385     -3.766275      0.586244
    615      0.795914      1.193872     -4.960169     -3.766298      0.577955
    616      0.797474      1.196211     -4.962535     -3.766324      0.571609
    617      0.798493      1.197740     -4.964085     -3.766345      0.568277
    618      0.798752      1.198128     -4.964483     -3.766355      0.568935
    619      0.798129      1.197193     -4.963545     -3.766352      0.573533
    620      0.796645      1.194967     -4.961300     -3.766333      0.583646
    621      0.794465      1.191697     -4.957998     -3.766302      0.596555
    622      0.791878      1.187817     -4.954083     -3.766267      0.611724
    623      0.789236      1.183853     -4.950086     -3.766233      0.627241
    624      0.786845      1.180268     -4.946484     -3.766216      0.641686
    625      0.784900      1.177350     -4.943561     -3.766212      0.653253
    626      0.783460      1.175190     -4.941406     -3.766216      0.661353
    627      0.782495      1.173743     -4.939966     -3.766224      0.667466
    628      0.781945      1.172917     -4.939146     -3.766229      0.671054
    629      0.781757      1.172636     -4.938865     -3.766230      0.672768
    630      0.781898      1.172847     -4.939077     -3.766230      0.672075
    631      0.782324      1.173486     -4.939722     -3.766237      0.669613
    632      0.782963      1.174445     -4.940694     -3.766249      0.665879
    633      0.783710      1.175564     -4.941824     -3.766260      0.661646
    634      0.784435      1.176652     -4.942925     -3.766273      0.656915
    635      0.785024      1.177536     -4.943818     -3.766282      0.653463
    636      0.785380      1.178070     -4.944363     -3.766292      0.650543
    637      0.785422      1.178133     -4.944433     -3.766300      0.648989
    638      0.785084      1.177627     -4.943931     -3.766304      0.648504
    639      0.784338      1.176507     -4.942808     -3.766301      0.650156
    640      0.783218      1.174826     -4.941114     -3.766288      0.653862
    641      0.781854      1.172781     -4.939048     -3.766267      0.658935
    642      0.780456      1.170684     -4.936925     -3.766242      0.663801
    643      0.779266      1.168899     -4.935117     -3.766218      0.668307
    644      0.778510      1.167765     -4.933967     -3.766202      0.670392
    645      0.778334      1.167501     -4.933698     -3.766197      0.669688
    646      0.778776      1.168165     -4.934365     -3.766201      0.666718
    647      0.779783      1.169675     -4.935884     -3.766209      0.661089
    648      0.781244      1.171866     -4.938085     -3.766219      0.654180
    649      0.783005      1.174507     -4.940743     -3.766236      0.645956
    650      0.784853      1.177279     -4.943539     -3.766259      0.637305
    651      0.786515      1.179772     -4.946060     -3.766288      0.630253
    652      0.787688      1.181533     -4.947842     -3.766310      0.625031
    653      0.788137      1.182205     -4.948521     -3.766316      0.624336
    654      0.787767      1.181651     -4.947956     -3.766305      0.627478
    655      0.786653      1.179979     -4.946262     -3.766282      0.635027
    656      0.784987      1.177480     -4.943737     -3.766257      0.646142
    657      0.782998      1.174497     -4.940738     -3.766241      0.659827
    658      0.780870      1.171306     -4.937540     -3.766234      0.673156
    659      0.778700      1.168049     -4.934284     -3.766235      0.687468
    660      0.776491      1.164737     -4.930981     -3.766243      0.701783
    661      0.774190      1.161285     -4.927539     -3.766254      0.716153
    662      0.771729      1.157593     -4.923851     -3.766258      0.731884
    663      0.769077      1.153616     -4.919870     -3.766254      0.748685
    664      0.766290      1.149435     -4.915676     -3.766241      0.766371
    665      0.763507      1.145260     -4.911485     -3.766225      0.783930
    666      0.760883      1.141324     -4.907541     -3.766217      0.800491
    667      0.758508      1.137761     -4.903980     -3.766218      0.815691
    668      0.756387      1.134581     -4.900807     -3.766226      0.828437
    669      0.754487      1.131730     -4.897959     -3.766229      0.839847
    670      0.752797      1.129195     -4.895421     -3.766226      0.849636
    671      0.751371      1.127056     -4.893272     -3.766216      0.857104
    672      0.750315      1.125472     -4.891675     -3.766203      0.862290
    673      0.749746      1.124619     -4.890814     -3.766195      0.864380
    674      0.749754      1.124630     -4.890823     -3.766193      0.862999
    675      0.750373      1.125560     -4.891757     -3.766197      0.857588
    676      0.751591      1.127386     -4.893585     -3.766199      0.848292
    677      0.753363      1.130045     -4.896247     -3.766202      0.835424
    678      0.755647      1.133470     -4.899672     -3.766202      0.819253
    679      0.758414      1.137622     -4.903822     -3.766200      0.800871
    680      0.761661      1.142491     -4.908686     -3.766195      0.779225
    681      0.765387      1.148081     -4.914273     -3.766192      0.755109
    682      0.769569      1.154354     -4.920549     -3.766195      0.728675
    683      0.774112      1.161168     -4.927380     -3.766213      0.701390
    684      0.778806      1.168209     -4.934453     -3.766244      0.673357
    685      0.783316      1.174973     -4.941261     -3.766288      0.646426
    686      0.787216      1.180824     -4.947154     -3.766330      0.623432
    687      0.790089      1.185133     -4.951494     -3.766361      0.606685
    688      0.791625      1.187438     -4.953810     -3.766373      0.597385
    689      0.791711      1.187566     -4.953929     -3.766363      0.595345
    690      0.790444      1.185666     -4.952004     -3.766338      0.601374
    691      0.788078      1.182118     -4.948426     -3.766308      0.613742
    692      0.784939      1.177409     -4.943687     -3.766278      0.630846
    693      0.781348      1.172022     -4.938277     -3.766255      0.650414
    694      0.777567      1.166350     -4.932592     -3.766241      0.672128
    695      0.773792      1.160689     -4.926919     -3.766230      0.693503
    696      0.770176      1.155264     -4.921486     -3.766222      0.714705
    697      0.766854      1.150281     -4.916493     -3.766212      0.733788
    698      0.763964      1.145946     -4.912149     -3.766203      0.750503
    699      0.761623      1.142434     -4.908634     -3.766200      0.763707
    700      0.759882      1.139824     -4.906029     -3.766205      0.774269
    701      0.758710      1.138065     -4.904282     -3.766216      0.781686
    702      0.758001      1.137002     -4.903231     -3.766229      0.786209
    703      0.757633      1.136449     -4.902688     -3.766239      0.788468
    704      0.757519      1.136279     -4.902519     -3.766240      0.789279
    705      0.757624      1.136437     -4.902676     -3.766239      0.789094
    706      0.757932      1.136898     -4.903141     -3.766243      0.787666
    707      0.758397      1.137596     -4.903850     -3.766254      0.785394
    708      0.758918      1.138377     -4.904645     -3.766268      0.781952
    709      0.759354      1.139031     -4.905311     -3.766280      0.778996
    710      0.759600      1.139400     -4.905679     -3.766279      0.776413
    711      0.759659      1.139489     -4.905754     -3.766265      0.774307
    712      0.759677      1.139516     -4.905757     -3.766241      0.772514
    713      0.759890      1.139835     -4.906051     -3.766217      0.769481
    714      0.760534      1.140801     -4.907005     -3.766203      0.764408
    715      0.761750      1.142625     -4.908827     -3.766203      0.756542
    716      0.763539      1.145308     -4.911522     -3.766214      0.745726
    717      0.765797      1.148695     -4.914923     -3.766228      0.732125
    718      0.768376      1.152564     -4.918805     -3.766241      0.716506
    719      0.771147      1.156721     -4.922973     -3.766252      0.699848
    720      0.774017      1.161026     -4.927283     -3.766258      0.683106
    721      0.776906      1.165358     -4.931625     -3.766267      0.666116
    722      0.779718      1.169577     -4.935854     -3.766277      0.649964
    723      0.782343      1.173515     -4.939799     -3.766284      0.634840
    724      0.784680      1.177020     -4.943312     -3.766292      0.621845
    725      0.786652      1.179978     -4.946274     -3.766296      0.611208
    726      0.788197      1.182296     -4.948597     -3.766301      0.602634
    727      0.789260      1.183891     -4.950201     -3.766310      0.597599
    728      0.789790      1.184685     -4.950999     -3.766314      0.595190
    729      0.789777      1.184665     -4.950973     -3.766308      0.596095
    730      0.789301      1.183952     -4.950243     -3.766291      0.600080
    731      0.788559      1.182838     -4.949103     -3.766265      0.605362
    732      0.787836      1.181754     -4.947988     -3.766234      0.610558
    733      0.787454      1.181181     -4.947386     -3.766205      0.614280
    734      0.787698      1.181547     -4.947735     -3.766188      0.615676
    735      0.788718      1.183077     -4.949267     -3.766190      0.612748
    736      0.790451      1.185677     -4.951889     -3.766212      0.606632
    737      0.792634      1.188951     -4.955191     -3.766240      0.599408
    738      0.794909      1.192363     -4.958631     -3.766268      0.591605
    739      0.796926      1.195389     -4.961681     -3.766291      0.586103
    740      0.798381      1.197571     -4.963880     -3.766309      0.583313
    741      0.799024      1.198535     -4.964858     -3.766323      0.585656
    742      0.798688      1.198032     -4.964360     -3.766328      0.593002
    743      0.797331      1.195997     -4.962314     -3.766317      0.606356
    744      0.795054      1.192581     -4.958876     -3.766295      0.624673
    745      0.792076      1.188113     -4.954384     -3.766270      0.646821
    746      0.788663      1.182994     -4.949246     -3.766251      0.671560
    747      0.785040      1.177560     -4.943804     -3.766244      0.697049
    748      0.781346      1.172019     -4.938264     -3.766245      0.723690
    749      0.777646      1.166468     -4.932716     -3.766248      0.750587
    750      0.773986      1.160979     -4.927222     -3.766243      0.777314
    751      0.770473      1.155709     -4.921939     -3.766229      0.802359
    752      0.767295      1.150942     -4.917155     -3.766212      0.824788
    753      0.764661      1.146991     -4.913195     -3.766204      0.844185
    754      0.762702      1.144053     -4.910266     -3.766213      0.860077
    755      0.761396      1.142095     -4.908329     -3.766234      0.871810
    756      0.760599      1.140898     -4.907155     -3.766257      0.879820
    757      0.760178      1.140267     -4.906527     -3.766260      0.885016
    758      0.760144      1.140216     -4.906462     -3.766246      0.888140
    759      0.760628      1.140942     -4.907177     -3.766235      0.887342
    760      0.761713      1.142570     -4.908816     -3.766246      0.882933
    761      0.763287      1.144931     -4.911203     -3.766273      0.874949
    762      0.765093      1.147640     -4.913932     -3.766292      0.864966
    763      0.766899      1.150349     -4.916646     -3.766297      0.855044
    764      0.768592      1.152889     -4.919181     -3.766292      0.845137
    765      0.770168      1.155253     -4.921537     -3.766285      0.835663
    766      0.771655      1.157483     -4.923764     -3.766281      0.826721
    767      0.773049      1.159573     -4.925855     -3.766282      0.817018
    768      0.774295      1.161442     -4.927733     -3.766291      0.808643
    769      0.775293      1.162940     -4.929245     -3.766305      0.801421
    770      0.775910      1.163865     -4.930186     -3.766321      0.795723
    771      0.776015      1.164022     -4.930350     -3.766328      0.792669
    772      0.775536      1.163304     -4.929629     -3.766324      0.792113
    773      0.774521      1.161782     -4.928088     -3.766306      0.793537
    774      0.773158      1.159738     -4.926015     -3.766277      0.795402
    775      0.771751      1.157626     -4.923870     -3.766243      0.797327
    776      0.770658      1.155988     -4.922198     -3.766210      0.796686
    777      0.770227      1.155340     -4.921525     -3.766185      0.792937
    778      0.770727      1.156090     -4.922260     -3.766170      0.784177
    779      0.772311      1.158466     -4.924633     -3.766166      0.769690
    780      0.774982      1.162473     -4.928648     -3.766175      0.749208
    781      0.778614      1.167922     -4.934110     -3.766188      0.723057
    782      0.783001      1.174501     -4.940711     -3.766210      0.693164
    783      0.787865      1.181797     -4.948033     -3.766236      0.660519
    784      0.792878      1.189316     -4.955583     -3.766266      0.627480
    785      0.797663      1.196494     -4.962794     -3.766299      0.597106
    786      0.801827      1.202740     -4.969071     -3.766331      0.569560
    787      0.804998      1.207498     -4.973853     -3.766355      0.547868
    788      0.806901      1.210351     -4.976716     -3.766365      0.534130
    789      0.807407      1.211110     -4.977471     -3.766361      0.528529
    790      0.806545      1.209818     -4.976163     -3.766345      0.529952
    791      0.804480      1.206721     -4.973043     -3.766323      0.538525
    792      0.801463      1.202195     -4.968491     -3.766296      0.553035
    793      0.797793      1.196690     -4.962960     -3.766270      0.571924
    794      0.793783      1.190675     -4.956922     -3.766247      0.593626
    795      0.789715      1.184572     -4.950804     -3.766232      0.616170
    796      0.785804      1.178707     -4.944930     -3.766224      0.638560
    797      0.782189      1.173283     -4.939503     -3.766220      0.659924
    798      0.778960      1.168439     -4.934654     -3.766215      0.679916
    799      0.776211      1.164317     -4.930525     -3.766208      0.697761
    800      0.774049      1.161074     -4.927274     -3.766200      0.712091
#
# Means      0.782945      1.174418     -4.940675     -3.766257      0.632611
